#
# There is insufficient memory for the Java Runtime Environment to continue.
# Native memory allocation (mmap) failed to map 266338304 bytes for G1 virtual space
# Possible reasons:
#   The system is out of physical RAM or swap space
#   The process is running with CompressedOops enabled, and the Java Heap may be blocking the growth of the native heap
# Possible solutions:
#   Reduce memory load on the system
#   Increase physical memory or swap space
#   Check if swap backing store is full
#   Decrease Java heap size (-Xmx/-Xms)
#   Decrease number of Java threads
#   Decrease Java thread stack sizes (-Xss)
#   Set larger code cache with -XX:ReservedCodeCacheSize=
#   JVM is running with Zero Based Compressed Oops mode in which the Java heap is
#     placed in the first 32GB address space. The Java Heap base address is the
#     maximum limit for the native heap growth. Please use -XX:HeapBaseMinAddress
#     to set the Java Heap base and to place the Java Heap above 32GB virtual address.
# This output file may be truncated or incomplete.
#
#  Out of Memory Error (os_windows.cpp:3548), pid=23132, tid=17872
#
# JRE version:  (17.0.12+8) (build )
# Java VM: Java HotSpot(TM) 64-Bit Server VM (17.0.12+8-LTS-286, mixed mode, sharing, tiered, compressed oops, compressed class ptrs, g1 gc, windows-amd64)
# No core dump will be written. Minidumps are not enabled by default on client versions of Windows
#

---------------  S U M M A R Y ------------

Command Line: -ea -XX:+ShowCodeDetailsInExceptionMessages -Dfile.encoding=UTF-8 org.eclipse.jdt.internal.junit.runner.RemoteTestRunner -version 3 -port 58289 -testLoaderClass org.eclipse.jdt.internal.junit6.runner.JUnit6TestLoader -loaderpluginname org.eclipse.jdt.junit6.runtime -testNameFile C:\Users\PC\AppData\Local\Temp\testNames67768083632925281.txt

Host: AMD Ryzen 5 5500                               , 12 cores, 15G,  Windows 11 , 64 bit Build 26100 (10.0.26100.1)
Time: Thu Apr 16 19:39:12 2026 Hora est. Pacífico, Sudamérica elapsed time: 1.187933 seconds (0d 0h 0m 1s)

---------------  T H R E A D  ---------------

Current thread (0x00000159e58dfb10):  JavaThread "Unknown thread" [_thread_in_vm, id=17872, stack(0x00000002d8000000,0x00000002d8100000)]

Stack: [0x00000002d8000000,0x00000002d8100000]
Native frames: (J=compiled Java code, j=interpreted, Vv=VM code, C=native code)
V  [jvm.dll+0x67a04a]
V  [jvm.dll+0x7da4ed]
V  [jvm.dll+0x7dbe33]
V  [jvm.dll+0x7dc4a3]
V  [jvm.dll+0x24508f]
V  [jvm.dll+0x677089]
V  [jvm.dll+0x66bd32]
V  [jvm.dll+0x301fa6]
V  [jvm.dll+0x309546]
V  [jvm.dll+0x359d2e]
V  [jvm.dll+0x359f5f]
V  [jvm.dll+0x2d9078]
V  [jvm.dll+0x2d9fe4]
V  [jvm.dll+0x7aca21]
V  [jvm.dll+0x367591]
V  [jvm.dll+0x78b999]
V  [jvm.dll+0x3ec83f]
V  [jvm.dll+0x3ee471]
C  [jli.dll+0x5297]
C  [ucrtbase.dll+0x43340]
C  [KERNEL32.DLL+0x31fd7]
C  [ntdll.dll+0x6d7d0]


---------------  P R O C E S S  ---------------

Threads class SMR info:
_java_thread_list=0x00007ffb12937a18, length=0, elements={
}

Java Threads: ( => current thread )

Other Threads:
  0x00000159e594d3f0 GCTaskThread "GC Thread#0" [stack: 0x00000002d8100000,0x00000002d8200000] [id=16116]
  0x00000159e595e050 ConcurrentGCThread "G1 Main Marker" [stack: 0x00000002d8200000,0x00000002d8300000] [id=10364]
  0x00000159e595f640 ConcurrentGCThread "G1 Conc#0" [stack: 0x00000002d8300000,0x00000002d8400000] [id=15296]

[error occurred during error reporting (printing all threads), id 0xc0000005, EXCEPTION_ACCESS_VIOLATION (0xc0000005) at pc=0x00007ffb12169b67]

VM state: not at safepoint (not fully initialized)

VM Mutex/Monitor currently owned by a thread:  ([mutex/lock_event])
[0x00000159e58dcb70] Heap_lock - owner thread: 0x00000159e58dfb10

Heap address: 0x0000000702000000, size: 4064 MB, Compressed Oops mode: Zero based, Oop shift amount: 3

CDS archive(s) mapped at: [0x0000000000000000-0x0000000000000000-0x0000000000000000), size 0, SharedBaseAddress: 0x0000000800000000, ArchiveRelocationMode: 1.
Narrow klass base: 0x0000000000000000, Narrow klass shift: 0, Narrow klass range: 0x0

GC Precious Log:
<Empty>

Heap:
 garbage-first heap   total 0K, used 0K [0x0000000702000000, 0x0000000800000000)
  region size 2048K, 0 young (0K), 0 survivors (0K)

[error occurred during error reporting (printing heap information), id 0xc0000005, EXCEPTION_ACCESS_VIOLATION (0xc0000005) at pc=0x00007ffb12553859]

GC Heap History (0 events):
No events

Deoptimization events (0 events):
No events

Classes unloaded (0 events):
No events

Classes redefined (0 events):
No events

Internal exceptions (0 events):
No events

VM Operations (0 events):
No events

Events (1 events):
Event: 0.006 Loaded shared library C:\Program Files\Java\jdk-17\bin\java.dll


Dynamic libraries:
0x00007ff6ec510000 - 0x00007ff6ec520000 	C:\Program Files\Java\jdk-17\bin\java.exe
0x00007ffbc6970000 - 0x00007ffbc6bc5000 	C:\WINDOWS\SYSTEM32\ntdll.dll
0x00007ffbc4940000 - 0x00007ffbc4a07000 	C:\WINDOWS\System32\KERNEL32.DLL
0x00007ffbc3f20000 - 0x00007ffbc42c0000 	C:\WINDOWS\System32\KERNELBASE.dll
0x00007ffbc4620000 - 0x00007ffbc476a000 	C:\WINDOWS\System32\ucrtbase.dll
0x00007ffbb2940000 - 0x00007ffbb295b000 	C:\Program Files\Java\jdk-17\bin\VCRUNTIME140.dll
0x00007ffb9d4b0000 - 0x00007ffb9d4c9000 	C:\Program Files\Java\jdk-17\bin\jli.dll
0x00007ffbc6040000 - 0x00007ffbc60f2000 	C:\WINDOWS\System32\ADVAPI32.dll
0x00007ffbc65a0000 - 0x00007ffbc6649000 	C:\WINDOWS\System32\msvcrt.dll
0x00007ffbc5b60000 - 0x00007ffbc5c06000 	C:\WINDOWS\System32\sechost.dll
0x00007ffbc5a00000 - 0x00007ffbc5b19000 	C:\WINDOWS\System32\RPCRT4.dll
0x00007ffbc63d0000 - 0x00007ffbc658f000 	C:\WINDOWS\System32\USER32.dll
0x00007ffba74c0000 - 0x00007ffba7750000 	C:\WINDOWS\WinSxS\amd64_microsoft.windows.common-controls_6595b64144ccf1df_6.0.26100.1_none_fc2d3fda0fd46076\COMCTL32.dll
0x00007ffbc3e70000 - 0x00007ffbc3e97000 	C:\WINDOWS\System32\win32u.dll
0x00007ffbc61e0000 - 0x00007ffbc620a000 	C:\WINDOWS\System32\GDI32.dll
0x00007ffbc44f0000 - 0x00007ffbc4611000 	C:\WINDOWS\System32\gdi32full.dll
0x00007ffbc3dc0000 - 0x00007ffbc3e63000 	C:\WINDOWS\System32\msvcp_win.dll
0x00007ffbbe980000 - 0x00007ffbbe98b000 	C:\WINDOWS\SYSTEM32\VERSION.dll
0x00007ffbc5b20000 - 0x00007ffbc5b4f000 	C:\WINDOWS\System32\IMM32.DLL
0x00007ffbb2bc0000 - 0x00007ffbb2bcc000 	C:\Program Files\Java\jdk-17\bin\vcruntime140_1.dll
0x00007ffb93780000 - 0x00007ffb9380e000 	C:\Program Files\Java\jdk-17\bin\msvcp140.dll
0x00007ffb11e80000 - 0x00007ffb12a60000 	C:\Program Files\Java\jdk-17\bin\server\jvm.dll
0x00007ffbc6220000 - 0x00007ffbc6228000 	C:\WINDOWS\System32\PSAPI.DLL
0x00007ffbb27c0000 - 0x00007ffbb27ca000 	C:\WINDOWS\SYSTEM32\WSOCK32.dll
0x00007ffbb4580000 - 0x00007ffbb45b6000 	C:\WINDOWS\SYSTEM32\WINMM.dll
0x00007ffbc5930000 - 0x00007ffbc59a4000 	C:\WINDOWS\System32\WS2_32.dll
0x00007ffbc2c60000 - 0x00007ffbc2c7a000 	C:\WINDOWS\SYSTEM32\kernel.appcore.dll
0x00007ffbb1cb0000 - 0x00007ffbb1cba000 	C:\Program Files\Java\jdk-17\bin\jimage.dll
0x00007ffbb3490000 - 0x00007ffbb36d1000 	C:\WINDOWS\SYSTEM32\DBGHELP.DLL
0x00007ffbc4a10000 - 0x00007ffbc4d85000 	C:\WINDOWS\System32\combase.dll
0x00007ffbc6100000 - 0x00007ffbc61d6000 	C:\WINDOWS\System32\OLEAUT32.dll
0x00007ffbaef10000 - 0x00007ffbaef49000 	C:\WINDOWS\SYSTEM32\dbgcore.DLL
0x00007ffbc4450000 - 0x00007ffbc44e9000 	C:\WINDOWS\System32\bcryptPrimitives.dll
0x00007ffb9c830000 - 0x00007ffb9c855000 	C:\Program Files\Java\jdk-17\bin\java.dll

dbghelp: loaded successfully - version: 4.0.5 - missing functions: none
symbol engine: initialized successfully - sym options: 0x614 - pdb path: .;C:\Program Files\Java\jdk-17\bin;C:\WINDOWS\SYSTEM32;C:\WINDOWS\WinSxS\amd64_microsoft.windows.common-controls_6595b64144ccf1df_6.0.26100.1_none_fc2d3fda0fd46076;C:\Program Files\Java\jdk-17\bin\server

VM Arguments:
jvm_args: -ea -XX:+ShowCodeDetailsInExceptionMessages -Dfile.encoding=UTF-8 
java_command: org.eclipse.jdt.internal.junit.runner.RemoteTestRunner -version 3 -port 58289 -testLoaderClass org.eclipse.jdt.internal.junit6.runner.JUnit6TestLoader -loaderpluginname org.eclipse.jdt.junit6.runtime -testNameFile C:\Users\PC\AppData\Local\Temp\testNames67768083632925281.txt
java_class_path (initial): x:\proyectfinal\rosatel\target\test-classes;x:\proyectfinal\rosatel\target\classes;c:\Users\PC\.m2\repository\org\springframework\boot\spring-boot-h2console\4.0.5\spring-boot-h2console-4.0.5.jar;c:\Users\PC\.m2\repository\org\springframework\boot\spring-boot\4.0.5\spring-boot-4.0.5.jar;c:\Users\PC\.m2\repository\org\springframework\spring-core\7.0.6\spring-core-7.0.6.jar;c:\Users\PC\.m2\repository\commons-logging\commons-logging\1.3.6\commons-logging-1.3.6.jar;c:\Users\PC\.m2\repository\org\springframework\spring-context\7.0.6\spring-context-7.0.6.jar;c:\Users\PC\.m2\repository\org\springframework\spring-aop\7.0.6\spring-aop-7.0.6.jar;c:\Users\PC\.m2\repository\org\springframework\spring-beans\7.0.6\spring-beans-7.0.6.jar;c:\Users\PC\.m2\repository\org\springframework\spring-expression\7.0.6\spring-expression-7.0.6.jar;c:\Users\PC\.m2\repository\io\micrometer\micrometer-observation\1.16.4\micrometer-observation-1.16.4.jar;c:\Users\PC\.m2\repository\io\micrometer\micrometer-commons\1.16.4\micrometer-commons-1.16.4.jar;c:\Users\PC\.m2\repository\jakarta\servlet\jakarta.servlet-api\6.1.0\jakarta.servlet-api-6.1.0.jar;c:\Users\PC\.m2\repository\org\springframework\boot\spring-boot-starter-data-jpa\4.0.5\spring-boot-starter-data-jpa-4.0.5.jar;c:\Users\PC\.m2\repository\org\springframework\boot\spring-boot-starter\4.0.5\spring-boot-starter-4.0.5.jar;c:\Users\PC\.m2\repository\org\springframework\boot\spring-boot-starter-logging\4.0.5\spring-boot-starter-logging-4.0.5.jar;c:\Users\PC\.m2\repository\ch\qos\logback\logback-classic\1.5.32\logback-classic-1.5.32.jar;c:\Users\PC\.m2\repository\ch\qos\logback\logback-core\1.5.32\logback-core-1.5.32.jar;c:\Users\PC\.m2\repository\org\apache\logging\log4j\log4j-to-slf4j\2.25.3\log4j-to-slf4j-2.25.3.jar;c:\Users\PC\.m2\repository\org\apache\logging\log4j\log4j-api\2.25.3\log4j-api-2.25.3.jar;c:\Users\PC\.m2\repository\org\slf4j\jul-to-slf4j\2.0.17\jul-to-slf4j-2.0.17.jar;c:\Users\PC\.m2\repository\jakar
Launcher Type: SUN_STANDARD

[Global flags]
     intx CICompilerCount                          = 4                                         {product} {ergonomic}
     uint ConcGCThreads                            = 3                                         {product} {ergonomic}
     uint G1ConcRefinementThreads                  = 10                                        {product} {ergonomic}
   size_t G1HeapRegionSize                         = 2097152                                   {product} {ergonomic}
    uintx GCDrainStackTargetSize                   = 64                                        {product} {ergonomic}
   size_t InitialHeapSize                          = 266338304                                 {product} {ergonomic}
   size_t MarkStackSize                            = 4194304                                   {product} {ergonomic}
   size_t MaxHeapSize                              = 4261412864                                {product} {ergonomic}
   size_t MinHeapDeltaBytes                        = 2097152                                   {product} {ergonomic}
   size_t MinHeapSize                              = 8388608                                   {product} {ergonomic}
    uintx NonNMethodCodeHeapSize                   = 5839372                                {pd product} {ergonomic}
    uintx NonProfiledCodeHeapSize                  = 122909434                              {pd product} {ergonomic}
    uintx ProfiledCodeHeapSize                     = 122909434                              {pd product} {ergonomic}
    uintx ReservedCodeCacheSize                    = 251658240                              {pd product} {ergonomic}
     bool SegmentedCodeCache                       = true                                      {product} {ergonomic}
     bool ShowCodeDetailsInExceptionMessages       = true                                   {manageable} {command line}
   size_t SoftMaxHeapSize                          = 4261412864                             {manageable} {ergonomic}
     bool UseCompressedClassPointers               = true                           {product lp64_product} {ergonomic}
     bool UseCompressedOops                        = true                           {product lp64_product} {ergonomic}
     bool UseG1GC                                  = true                                      {product} {ergonomic}
     bool UseLargePagesIndividualAllocation        = false                                  {pd product} {ergonomic}

Logging:
Log output configuration:
 #0: stdout all=warning uptime,level,tags
 #1: stderr all=off uptime,level,tags

Environment Variables:
PATH=C:\Users\PC\AppData\Local\Programs\Microsoft VS Code;C:\Program Files\Common Files\Oracle\Java\javapath;C:\WINDOWS\system32;C:\WINDOWS;C:\WINDOWS\System32\Wbem;C:\WINDOWS\System32\WindowsPowerShell\v1.0\;C:\WINDOWS\System32\OpenSSH\;C:\Program Files (x86)\NVIDIA Corporation\PhysX\Common;C:\Program Files\Java\jdk-17\bin;C:\Program Files\Java\jdk-21\bin;C:\workspace\apache-maven-3.9.11-bin\apache-maven-3.9.11\bin;C:\Program Files\Git\cmd;C:\Program Files\nodejs\;C:\Program Files\dotnet\;C:\Program Files (x86)\Microsoft SQL Server\170\Tools\Binn\;C:\Program Files\Microsoft SQL Server\170\Tools\Binn\;C:\Program Files\Microsoft SQL Server\Client SDK\ODBC\180\Tools\Binn\;C:\Program Files\Microsoft SQL Server\170\DTS\Binn\;C:\Program Files (x86)\Microsoft SQL Server\160\DTS\Binn\;X:\mongodb\bin;X:\Redis-x64-3.2.100;X:\Cassandra\apache-cassandra-3.11.10-bin\apache-cassandra-3.11.10;C:\Users\PC\AppData\Local\Microsoft\WindowsApps;C:\Users\PC\AppData\Local\Programs\Microsoft VS Code\bin;C:\Users\PC\AppData\Roaming\npm;C:\Users\PC\.dotnet\tools;X:\mongodb\bin;X:\Redis-x64-3.2.100;C:\Users\PC\AppData\Local\Python\bin
USERNAME=PC
OS=Windows_NT
PROCESSOR_IDENTIFIER=AMD64 Family 25 Model 80 Stepping 0, AuthenticAMD



---------------  S Y S T E M  ---------------

OS:
 Windows 11 , 64 bit Build 26100 (10.0.26100.1)
OS uptime: 1 days 11:11 hours
Hyper-V role detected

CPU: total 12 (initial active 12) (12 cores per cpu, 2 threads per core) family 25 model 80 stepping 0 microcode 0xa50000f, cx8, cmov, fxsr, ht, mmx, 3dnowpref, sse, sse2, sse3, ssse3, sse4a, sse4.1, sse4.2, popcnt, lzcnt, tsc, tscinvbit, avx, avx2, aes, erms, clmul, bmi1, bmi2, adx, sha, fma, vzeroupper, clflush, clflushopt, hv

Memory: 4k page, system-wide physical 16251M (2407M free)
TotalPageFile size 24251M (AvailPageFile size 170M)
current process WorkingSet (physical memory assigned to process): 12M, peak: 12M
current process commit charge ("private bytes"): 64M, peak: 318M

vm_info: Java HotSpot(TM) 64-Bit Server VM (17.0.12+8-LTS-286) for windows-amd64 JRE (17.0.12+8-LTS-286), built on Jun  5 2024 06:46:59 by "mach5one" with MS VC++ 17.6 (VS2022)

END.
